        -:    0:Source:unittest3.c
        -:    0:Graph:unittest3.gcno
        -:    0:Data:unittest3.gcda
        -:    0:Runs:1
        -:    0:Programs:1
        -:    1:// Unit test 3 for dominion.c function: isGameOver
        -:    2:#include "dominion.h"
        -:    3:#include "dominion_helpers.h"
        -:    4:#include "rngs.h"
        -:    5:#include <string.h>
        -:    6:#include <stdio.h>
        -:    7:#include <math.h>
        -:    8:#include <stdlib.h>
        -:    9:#include <assert.h>
        -:   10:
        -:   11:
        1:   12:int main(int argc, char** argv)
        -:   13:{
        1:   14:	printf("\n=============== Begin Testing is Game Over ===================\n");
        -:   15:	
        -:   16:	struct gameState myGameState;
        1:   17:	int cards[10] = { adventurer, gardens, embargo, village, minion, mine, cutpurse, sea_hag, tribute, smithy };
        1:   18:	int foo = initializeGame(2, cards, 3, &myGameState);
        1:   19:	int testResult = isGameOver(&myGameState);
        1:   20:	printf("Expected result: game is not over\n");
        1:   21:	if(testResult == 0)
        1:   22:		printf("Actual Result: game is not over");
        -:   23:	else
    #####:   24:		printf("Actual Result: game is over");
        -:   25:
        1:   26:	printf("\n=============== End Testing is Game Over ===================\n");
        1:   27:	return 0;
        -:   28:} 
