        -:    0:Source:unittest4.c
        -:    0:Graph:unittest4.gcno
        -:    0:Data:unittest4.gcda
        -:    0:Runs:1
        -:    0:Programs:1
        -:    1:// Unit test 4 for dominion.c function: 
        -:    2:#include "dominion.h"
        -:    3:#include "dominion_helpers.h"
        -:    4:#include "rngs.h"
        -:    5:#include <string.h>
        -:    6:#include <stdio.h>
        -:    7:#include <math.h>
        -:    8:#include <stdlib.h>
        -:    9:#include <assert.h>
        -:   10:
        -:   11:
        1:   12:int main (int argc, char** argv)	
        -:   13:{
        1:   14:	printf("\n=============== Begin Test Whose Turn ===================\n");
        -:   15:    struct gameState myGameState;
        -:   16:    int testResult;
        1:   17:	int cards[10] = {adventurer, gardens, minion, village, embargo, mine, cutpurse, baron, tribute, smithy};
        -:   18:	
        1:   19:	printf("Expected Result: 3 rounds of turns\n");
        -:   20:	
        -:   21:	int i;
        4:   22:    for (i = 1 ; i < 4 ; i++)
        -:   23:	{
        3:   24:        testResult = initializeGame(2, cards, 5, &myGameState);
        3:   25:        testResult = whoseTurn(&myGameState);
        3:   26:        assert(testResult == myGameState.whoseTurn);
        3:   27:		printf("round: %d\n", i);
        -:   28:	}
        1:   29:	printf("\n=============== End Test Whose Turn ===================\n");
        -:   30:
        1:   31:	return 0;
        -:   32:}
